<?xml version="1.0" encoding="UTF-8"?>
<!-- Generated by org.testng.reporters.JUnitReportReporter -->
<testsuite hostname="DESKTOP-402V9A7" failures="0" tests="1" name="ujian.ujiankelima.appium.runner.TestKeep" time="12.428" errors="0" timestamp="2022-09-24T22:55:20 ICT" skipped="0">
  <testcase classname="ujian.ujiankelima.appium.runner.TestKeep" name="testAdd" time="12.428"/>
  <system-out/>
</testsuite> <!-- ujian.ujiankelima.appium.runner.TestKeep -->
