<?xml version="1.0" encoding="UTF-8"?>
<!-- Generated by org.testng.reporters.JUnitReportReporter -->
<testsuite hostname="DESKTOP-402V9A7" failures="0" tests="1" name="ujian.ujiankelima.appium.runner.AllTest" time="30.117" errors="0" timestamp="2022-09-24T23:13:14 ICT" skipped="0">
  <testcase classname="ujian.ujiankelima.appium.runner.AllTest" name="testList" time="30.117"/>
  <system-out/>
</testsuite> <!-- ujian.ujiankelima.appium.runner.AllTest -->
