<?xml version="1.0" encoding="UTF-8"?>
<!-- Generated by org.testng.reporters.JUnitReportReporter -->
<testsuite hostname="DESKTOP-402V9A7" failures="0" tests="1" name="ujian.ujiankelima.appium.runner.PageListTest" time="19.119" errors="0" timestamp="2022-09-24T22:58:20 ICT" skipped="0">
  <testcase classname="ujian.ujiankelima.appium.runner.PageListTest" name="testList" time="19.119"/>
  <system-out/>
</testsuite> <!-- ujian.ujiankelima.appium.runner.PageListTest -->
